c:\users\nilss\desktop\sempergl\bin-int\distribute-windows-x86_64\sempergl\imguiutil.obj
c:\users\nilss\desktop\sempergl\bin-int\distribute-windows-x86_64\sempergl\rect.obj
c:\users\nilss\desktop\sempergl\bin-int\distribute-windows-x86_64\sempergl\indexbuffer.obj
c:\users\nilss\desktop\sempergl\bin-int\distribute-windows-x86_64\sempergl\log.obj
c:\users\nilss\desktop\sempergl\bin-int\distribute-windows-x86_64\sempergl\renderer.obj
c:\users\nilss\desktop\sempergl\bin-int\distribute-windows-x86_64\sempergl\logger.obj
c:\users\nilss\desktop\sempergl\bin-int\distribute-windows-x86_64\sempergl\framebuffer.obj
c:\users\nilss\desktop\sempergl\bin-int\distribute-windows-x86_64\sempergl\vertexbuffer.obj
c:\users\nilss\desktop\sempergl\bin-int\distribute-windows-x86_64\sempergl\clock.obj
c:\users\nilss\desktop\sempergl\bin-int\distribute-windows-x86_64\sempergl\openglcontext.obj
c:\users\nilss\desktop\sempergl\bin-int\distribute-windows-x86_64\sempergl\window.obj
c:\users\nilss\desktop\sempergl\bin-int\distribute-windows-x86_64\sempergl\random.obj
c:\users\nilss\desktop\sempergl\bin-int\distribute-windows-x86_64\sempergl\stb_image.obj
c:\users\nilss\desktop\sempergl\bin-int\distribute-windows-x86_64\sempergl\windowicon.obj
c:\users\nilss\desktop\sempergl\bin-int\distribute-windows-x86_64\sempergl\triangle.obj
c:\users\nilss\desktop\sempergl\bin-int\distribute-windows-x86_64\sempergl\shader.obj
c:\users\nilss\desktop\sempergl\bin-int\distribute-windows-x86_64\sempergl\input.obj
c:\users\nilss\desktop\sempergl\bin-int\distribute-windows-x86_64\sempergl\perspectivecamera.obj
c:\users\nilss\desktop\sempergl\bin-int\distribute-windows-x86_64\sempergl\imguibuild.obj
c:\users\nilss\desktop\sempergl\bin-int\distribute-windows-x86_64\sempergl\orthographiccamera.obj
c:\users\nilss\desktop\sempergl\bin-int\distribute-windows-x86_64\sempergl\texture.obj
c:\users\nilss\desktop\sempergl\bin-int\distribute-windows-x86_64\sempergl\vertexarray.obj
c:\users\nilss\desktop\sempergl\bin-int\distribute-windows-x86_64\sempergl\sempergl.pdb
c:\users\nilss\desktop\sempergl\bin-int\distribute-windows-x86_64\sempergl\renderer2d.obj
c:\users\nilss\desktop\sempergl\bin\distribute-windows-x86_64\sempergl\sempergl.lib
c:\users\nilss\desktop\sempergl\sempergl\..\bin\distribute-windows-x86_64\sempergl\sempergl.lib
c:\users\nilss\desktop\sempergl\bin-int\distribute-windows-x86_64\sempergl\sempergl.tlog\cl.command.1.tlog
c:\users\nilss\desktop\sempergl\bin-int\distribute-windows-x86_64\sempergl\sempergl.tlog\cl.read.1.tlog
c:\users\nilss\desktop\sempergl\bin-int\distribute-windows-x86_64\sempergl\sempergl.tlog\cl.write.1.tlog
c:\users\nilss\desktop\sempergl\bin-int\distribute-windows-x86_64\sempergl\sempergl.tlog\lib-link.read.1.tlog
c:\users\nilss\desktop\sempergl\bin-int\distribute-windows-x86_64\sempergl\sempergl.tlog\lib-link.write.1.tlog
c:\users\nilss\desktop\sempergl\bin-int\distribute-windows-x86_64\sempergl\sempergl.tlog\lib.command.1.tlog
