  Main.cpp
C:\Users\nilss\Desktop\SemperGL\Projects\Snake\src\Main.cpp(16,24): error C2171: "!": für Operanden vom Typ "void" nicht zulässig
C:\Users\nilss\Desktop\SemperGL\Projects\Snake\src\Main.cpp(16,24): error C2451: Bedingter Ausdruck des Typs "void" nicht zulässig
C:\Users\nilss\Desktop\SemperGL\Projects\Snake\src\Main.cpp(16,6): message : Ausdruck vom Typ void kann nicht in andere Typen konvertiert werden
C:\Users\nilss\Desktop\SemperGL\Projects\Snake\src\Main.cpp(24,50): error C2039: "WindowFlags_None" ist kein Member von "SemperGL".
C:\Users\nilss\Desktop\SemperGL\SemperGL\src\Util\Random.h(5): message : Siehe Deklaration von "SemperGL"
C:\Users\nilss\Desktop\SemperGL\Projects\Snake\src\Main.cpp(24,66): error C2065: "WindowFlags_None": nichtdeklarierter Bezeichner
C:\Users\nilss\Desktop\SemperGL\Projects\Snake\src\Main.cpp(25,20): error C2039: "SetInterval" ist kein Member von "SemperGL::Window".
C:\Users\nilss\Desktop\SemperGL\SemperGL\src\Core\Window\Window.h(18): message : Siehe Deklaration von "SemperGL::Window"
C:\Users\nilss\Desktop\SemperGL\Projects\Snake\src\Main.cpp(27,7): error C2039: "ImGuiInit" ist kein Member von "SemperGL".
C:\Users\nilss\Desktop\SemperGL\SemperGL\src\Util\Random.h(5): message : Siehe Deklaration von "SemperGL"
C:\Users\nilss\Desktop\SemperGL\Projects\Snake\src\Main.cpp(27,16): error C3861: "ImGuiInit": Bezeichner wurde nicht gefunden.
C:\Users\nilss\Desktop\SemperGL\Projects\Snake\src\Main.cpp(47,59): warning C4838: Konvertierung von "unsigned int" zu "float" erfordert eine einschränkende Konvertierung
C:\Users\nilss\Desktop\SemperGL\Projects\Snake\src\Main.cpp(47,59): warning C4244: "Initialisierung": Konvertierung von "unsigned int" in "float", möglicher Datenverlust
C:\Users\nilss\Desktop\SemperGL\Projects\Snake\src\Main.cpp(47,100): warning C4838: Konvertierung von "unsigned int" zu "float" erfordert eine einschränkende Konvertierung
C:\Users\nilss\Desktop\SemperGL\Projects\Snake\src\Main.cpp(47,100): warning C4244: "Initialisierung": Konvertierung von "unsigned int" in "float", möglicher Datenverlust
C:\Users\nilss\Desktop\SemperGL\Projects\Snake\src\Main.cpp(49,30): error C2039: "ShouldNotClose" ist kein Member von "SemperGL::Window".
C:\Users\nilss\Desktop\SemperGL\SemperGL\src\Core\Window\Window.h(18): message : Siehe Deklaration von "SemperGL::Window"
C:\Users\nilss\Desktop\SemperGL\Projects\Snake\src\Main.cpp(51,8): error C2039: "ImGuiNewFrame" ist kein Member von "SemperGL".
C:\Users\nilss\Desktop\SemperGL\SemperGL\src\Util\Random.h(5): message : Siehe Deklaration von "SemperGL"
C:\Users\nilss\Desktop\SemperGL\Projects\Snake\src\Main.cpp(51,21): error C3861: "ImGuiNewFrame": Bezeichner wurde nicht gefunden.
C:\Users\nilss\Desktop\SemperGL\Projects\Snake\src\Main.cpp(70,9): error C2039: "Renderer" ist kein Member von "SemperGL".
C:\Users\nilss\Desktop\SemperGL\SemperGL\src\Util\Random.h(5): message : Siehe Deklaration von "SemperGL"
C:\Users\nilss\Desktop\SemperGL\Projects\Snake\src\Main.cpp(70,9): error C3083: "Renderer": Das Symbol links neben "::" muss ein Typ sein.
C:\Users\nilss\Desktop\SemperGL\Projects\Snake\src\Main.cpp(70,19): error C2039: "Clear" ist kein Member von "SemperGL".
C:\Users\nilss\Desktop\SemperGL\SemperGL\src\Util\Random.h(5): message : Siehe Deklaration von "SemperGL"
C:\Users\nilss\Desktop\SemperGL\Projects\Snake\src\Main.cpp(70,24): error C3861: "Clear": Bezeichner wurde nicht gefunden.
C:\Users\nilss\Desktop\SemperGL\Projects\Snake\src\Main.cpp(79,55): warning C4244: "Argument": Konvertierung von "double" in "float", möglicher Datenverlust
C:\Users\nilss\Desktop\SemperGL\Projects\Snake\src\Main.cpp(80,55): warning C4244: "Argument": Konvertierung von "double" in "float", möglicher Datenverlust
C:\Users\nilss\Desktop\SemperGL\Projects\Snake\src\Main.cpp(81,55): warning C4244: "Argument": Konvertierung von "double" in "float", möglicher Datenverlust
C:\Users\nilss\Desktop\SemperGL\Projects\Snake\src\Main.cpp(82,55): warning C4244: "Argument": Konvertierung von "double" in "float", möglicher Datenverlust
C:\Users\nilss\Desktop\SemperGL\Projects\Snake\src\Main.cpp(84,55): warning C4244: "Argument": Konvertierung von "double" in "float", möglicher Datenverlust
C:\Users\nilss\Desktop\SemperGL\Projects\Snake\src\Main.cpp(86,55): warning C4244: "Argument": Konvertierung von "double" in "float", möglicher Datenverlust
C:\Users\nilss\Desktop\SemperGL\Projects\Snake\src\Main.cpp(88,55): warning C4244: "Argument": Konvertierung von "double" in "float", möglicher Datenverlust
C:\Users\nilss\Desktop\SemperGL\Projects\Snake\src\Main.cpp(100,9): error C2039: "Renderer" ist kein Member von "SemperGL".
C:\Users\nilss\Desktop\SemperGL\SemperGL\src\Util\Random.h(5): message : Siehe Deklaration von "SemperGL"
C:\Users\nilss\Desktop\SemperGL\Projects\Snake\src\Main.cpp(100,9): error C3083: "Renderer": Das Symbol links neben "::" muss ein Typ sein.
C:\Users\nilss\Desktop\SemperGL\Projects\Snake\src\Main.cpp(100,19): error C2039: "SetClearColor" ist kein Member von "SemperGL".
C:\Users\nilss\Desktop\SemperGL\SemperGL\src\Util\Random.h(5): message : Siehe Deklaration von "SemperGL"
C:\Users\nilss\Desktop\SemperGL\Projects\Snake\src\Main.cpp(100,32): error C3861: "SetClearColor": Bezeichner wurde nicht gefunden.
C:\Users\nilss\Desktop\SemperGL\Projects\Snake\src\Main.cpp(102,9): error C2039: "Renderer" ist kein Member von "SemperGL".
C:\Users\nilss\Desktop\SemperGL\SemperGL\src\Util\Random.h(5): message : Siehe Deklaration von "SemperGL"
C:\Users\nilss\Desktop\SemperGL\Projects\Snake\src\Main.cpp(102,9): error C3083: "Renderer": Das Symbol links neben "::" muss ein Typ sein.
C:\Users\nilss\Desktop\SemperGL\Projects\Snake\src\Main.cpp(102,19): error C2039: "BeginScene" ist kein Member von "SemperGL".
C:\Users\nilss\Desktop\SemperGL\SemperGL\src\Util\Random.h(5): message : Siehe Deklaration von "SemperGL"
C:\Users\nilss\Desktop\SemperGL\Projects\Snake\src\Main.cpp(102,29): error C3861: "BeginScene": Bezeichner wurde nicht gefunden.
C:\Users\nilss\Desktop\SemperGL\Projects\Snake\src\Main.cpp(104,22): warning C4018: "<": Konflikt zwischen "signed" und "unsigned"
C:\Users\nilss\Desktop\SemperGL\Projects\Snake\src\Main.cpp(106,23): warning C4018: "<": Konflikt zwischen "signed" und "unsigned"
C:\Users\nilss\Desktop\SemperGL\Projects\Snake\src\Main.cpp(109,11): error C2039: "Renderer" ist kein Member von "SemperGL".
C:\Users\nilss\Desktop\SemperGL\SemperGL\src\Util\Random.h(5): message : Siehe Deklaration von "SemperGL"
C:\Users\nilss\Desktop\SemperGL\Projects\Snake\src\Main.cpp(109,11): error C3083: "Renderer": Das Symbol links neben "::" muss ein Typ sein.
C:\Users\nilss\Desktop\SemperGL\Projects\Snake\src\Main.cpp(109,21): error C2039: "DrawQuad" ist kein Member von "SemperGL".
C:\Users\nilss\Desktop\SemperGL\SemperGL\src\Util\Random.h(5): message : Siehe Deklaration von "SemperGL"
C:\Users\nilss\Desktop\SemperGL\Projects\Snake\src\Main.cpp(109,29): error C3861: "DrawQuad": Bezeichner wurde nicht gefunden.
C:\Users\nilss\Desktop\SemperGL\Projects\Snake\src\Main.cpp(112,9): error C2039: "Renderer" ist kein Member von "SemperGL".
C:\Users\nilss\Desktop\SemperGL\SemperGL\src\Util\Random.h(5): message : Siehe Deklaration von "SemperGL"
C:\Users\nilss\Desktop\SemperGL\Projects\Snake\src\Main.cpp(112,9): error C3083: "Renderer": Das Symbol links neben "::" muss ein Typ sein.
C:\Users\nilss\Desktop\SemperGL\Projects\Snake\src\Main.cpp(112,19): error C2039: "EndScene" ist kein Member von "SemperGL".
C:\Users\nilss\Desktop\SemperGL\SemperGL\src\Util\Random.h(5): message : Siehe Deklaration von "SemperGL"
C:\Users\nilss\Desktop\SemperGL\Projects\Snake\src\Main.cpp(112,27): error C3861: "EndScene": Bezeichner wurde nicht gefunden.
C:\Users\nilss\Desktop\SemperGL\Projects\Snake\src\Main.cpp(117,24): error C2039: "GetTime" ist kein Member von "SemperGL::Clock".
C:\Users\nilss\Desktop\SemperGL\SemperGL\src\Core\Clock.h(8): message : Siehe Deklaration von "SemperGL::Clock"
C:\Users\nilss\Desktop\SemperGL\Projects\Snake\src\Main.cpp(117,47): error C2062: "float"-Typ unerwartet
C:\Users\nilss\Desktop\SemperGL\Projects\Snake\src\Main.cpp(131,46): warning C4267: "Initialisierung": Konvertierung von "size_t" nach "int", Datenverlust möglich
C:\Users\nilss\Desktop\SemperGL\Projects\Snake\src\Main.cpp(152,69): warning C4244: "=": Konvertierung von "unsigned int" in "float", möglicher Datenverlust
C:\Users\nilss\Desktop\SemperGL\Projects\Snake\src\Main.cpp(153,69): warning C4244: "=": Konvertierung von "unsigned int" in "float", möglicher Datenverlust
C:\Users\nilss\Desktop\SemperGL\Projects\Snake\src\Main.cpp(161,9): error C2039: "Renderer" ist kein Member von "SemperGL".
C:\Users\nilss\Desktop\SemperGL\SemperGL\src\Util\Random.h(5): message : Siehe Deklaration von "SemperGL"
C:\Users\nilss\Desktop\SemperGL\Projects\Snake\src\Main.cpp(161,9): error C3083: "Renderer": Das Symbol links neben "::" muss ein Typ sein.
C:\Users\nilss\Desktop\SemperGL\Projects\Snake\src\Main.cpp(161,19): error C2039: "Clear" ist kein Member von "SemperGL".
C:\Users\nilss\Desktop\SemperGL\SemperGL\src\Util\Random.h(5): message : Siehe Deklaration von "SemperGL"
C:\Users\nilss\Desktop\SemperGL\Projects\Snake\src\Main.cpp(161,24): error C3861: "Clear": Bezeichner wurde nicht gefunden.
C:\Users\nilss\Desktop\SemperGL\Projects\Snake\src\Main.cpp(162,9): error C2039: "Renderer" ist kein Member von "SemperGL".
C:\Users\nilss\Desktop\SemperGL\SemperGL\src\Util\Random.h(5): message : Siehe Deklaration von "SemperGL"
C:\Users\nilss\Desktop\SemperGL\Projects\Snake\src\Main.cpp(162,9): error C3083: "Renderer": Das Symbol links neben "::" muss ein Typ sein.
C:\Users\nilss\Desktop\SemperGL\Projects\Snake\src\Main.cpp(162,19): error C2039: "BeginScene" ist kein Member von "SemperGL".
C:\Users\nilss\Desktop\SemperGL\SemperGL\src\Util\Random.h(5): message : Siehe Deklaration von "SemperGL"
C:\Users\nilss\Desktop\SemperGL\Projects\Snake\src\Main.cpp(162,29): error C3861: "BeginScene": Bezeichner wurde nicht gefunden.
C:\Users\nilss\Desktop\SemperGL\Projects\Snake\src\Main.cpp(174,11): error C2039: "Renderer" ist kein Member von "SemperGL".
C:\Users\nilss\Desktop\SemperGL\SemperGL\src\Util\Random.h(5): message : Siehe Deklaration von "SemperGL"
C:\Users\nilss\Desktop\SemperGL\Projects\Snake\src\Main.cpp(174,11): error C3083: "Renderer": Das Symbol links neben "::" muss ein Typ sein.
C:\Users\nilss\Desktop\SemperGL\Projects\Snake\src\Main.cpp(174,21): error C2039: "DrawQuad" ist kein Member von "SemperGL".
C:\Users\nilss\Desktop\SemperGL\SemperGL\src\Util\Random.h(5): message : Siehe Deklaration von "SemperGL"
C:\Users\nilss\Desktop\SemperGL\Projects\Snake\src\Main.cpp(174,29): error C3861: "DrawQuad": Bezeichner wurde nicht gefunden.
C:\Users\nilss\Desktop\SemperGL\Projects\Snake\src\Main.cpp(181,11): error C2039: "Renderer" ist kein Member von "SemperGL".
C:\Users\nilss\Desktop\SemperGL\SemperGL\src\Util\Random.h(5): message : Siehe Deklaration von "SemperGL"
C:\Users\nilss\Desktop\SemperGL\Projects\Snake\src\Main.cpp(181,11): error C3083: "Renderer": Das Symbol links neben "::" muss ein Typ sein.
C:\Users\nilss\Desktop\SemperGL\Projects\Snake\src\Main.cpp(181,21): error C2039: "DrawQuad" ist kein Member von "SemperGL".
C:\Users\nilss\Desktop\SemperGL\SemperGL\src\Util\Random.h(5): message : Siehe Deklaration von "SemperGL"
C:\Users\nilss\Desktop\SemperGL\Projects\Snake\src\Main.cpp(181,29): error C3861: "DrawQuad": Bezeichner wurde nicht gefunden.
C:\Users\nilss\Desktop\SemperGL\Projects\Snake\src\Main.cpp(184,11): error C2039: "Renderer" ist kein Member von "SemperGL".
C:\Users\nilss\Desktop\SemperGL\SemperGL\src\Util\Random.h(5): message : Siehe Deklaration von "SemperGL"
C:\Users\nilss\Desktop\SemperGL\Projects\Snake\src\Main.cpp(184,11): error C3083: "Renderer": Das Symbol links neben "::" muss ein Typ sein.
C:\Users\nilss\Desktop\SemperGL\Projects\Snake\src\Main.cpp(184,21): error C2039: "DrawQuad" ist kein Member von "SemperGL".
C:\Users\nilss\Desktop\SemperGL\SemperGL\src\Util\Random.h(5): message : Siehe Deklaration von "SemperGL"
C:\Users\nilss\Desktop\SemperGL\Projects\Snake\src\Main.cpp(184,29): error C3861: "DrawQuad": Bezeichner wurde nicht gefunden.
C:\Users\nilss\Desktop\SemperGL\Projects\Snake\src\Main.cpp(188,9): error C2039: "Renderer" ist kein Member von "SemperGL".
C:\Users\nilss\Desktop\SemperGL\SemperGL\src\Util\Random.h(5): message : Siehe Deklaration von "SemperGL"
C:\Users\nilss\Desktop\SemperGL\Projects\Snake\src\Main.cpp(188,9): error C3083: "Renderer": Das Symbol links neben "::" muss ein Typ sein.
C:\Users\nilss\Desktop\SemperGL\Projects\Snake\src\Main.cpp(188,19): error C2039: "DrawQuad" ist kein Member von "SemperGL".
C:\Users\nilss\Desktop\SemperGL\SemperGL\src\Util\Random.h(5): message : Siehe Deklaration von "SemperGL"
C:\Users\nilss\Desktop\SemperGL\Projects\Snake\src\Main.cpp(188,27): error C3861: "DrawQuad": Bezeichner wurde nicht gefunden.
C:\Users\nilss\Desktop\SemperGL\Projects\Snake\src\Main.cpp(189,9): error C2039: "Renderer" ist kein Member von "SemperGL".
C:\Users\nilss\Desktop\SemperGL\SemperGL\src\Util\Random.h(5): message : Siehe Deklaration von "SemperGL"
C:\Users\nilss\Desktop\SemperGL\Projects\Snake\src\Main.cpp(189,9): error C3083: "Renderer": Das Symbol links neben "::" muss ein Typ sein.
C:\Users\nilss\Desktop\SemperGL\Projects\Snake\src\Main.cpp(189,19): error C2039: "EndScene" ist kein Member von "SemperGL".
C:\Users\nilss\Desktop\SemperGL\SemperGL\src\Util\Random.h(5): message : Siehe Deklaration von "SemperGL"
C:\Users\nilss\Desktop\SemperGL\Projects\Snake\src\Main.cpp(189,27): error C3861: "EndScene": Bezeichner wurde nicht gefunden.
C:\Users\nilss\Desktop\SemperGL\Projects\Snake\src\Main.cpp(206,8): error C2039: "ImGuiRender" ist kein Member von "SemperGL".
C:\Users\nilss\Desktop\SemperGL\SemperGL\src\Util\Random.h(5): message : Siehe Deklaration von "SemperGL"
C:\Users\nilss\Desktop\SemperGL\Projects\Snake\src\Main.cpp(206,19): error C3861: "ImGuiRender": Bezeichner wurde nicht gefunden.
