  Main.cpp
C:\Users\nilss\Desktop\SemperGL\SemperGL\src\Core\Core.h(55,27): warning C4101: "e": Unreferenzierte lokale Variable
C:\Users\nilss\Desktop\SemperGL\SemperGL\src\Core\Core.h(63,4): warning C4996: '_sleep': This function or variable has been superceded by newer library or operating system functionality. Consider using Sleep instead. See online help for details.
C:\Users\nilss\Desktop\SemperGL\Projects\Snake\src\Main.cpp(47,59): warning C4838: Konvertierung von "unsigned int" zu "float" erfordert eine einschränkende Konvertierung
C:\Users\nilss\Desktop\SemperGL\Projects\Snake\src\Main.cpp(47,59): warning C4244: "Initialisierung": Konvertierung von "unsigned int" in "float", möglicher Datenverlust
C:\Users\nilss\Desktop\SemperGL\Projects\Snake\src\Main.cpp(47,100): warning C4838: Konvertierung von "unsigned int" zu "float" erfordert eine einschränkende Konvertierung
C:\Users\nilss\Desktop\SemperGL\Projects\Snake\src\Main.cpp(47,100): warning C4244: "Initialisierung": Konvertierung von "unsigned int" in "float", möglicher Datenverlust
C:\Users\nilss\Desktop\SemperGL\Projects\Snake\src\Main.cpp(79,55): warning C4244: "Argument": Konvertierung von "double" in "float", möglicher Datenverlust
C:\Users\nilss\Desktop\SemperGL\Projects\Snake\src\Main.cpp(80,55): warning C4244: "Argument": Konvertierung von "double" in "float", möglicher Datenverlust
C:\Users\nilss\Desktop\SemperGL\Projects\Snake\src\Main.cpp(81,55): warning C4244: "Argument": Konvertierung von "double" in "float", möglicher Datenverlust
C:\Users\nilss\Desktop\SemperGL\Projects\Snake\src\Main.cpp(82,55): warning C4244: "Argument": Konvertierung von "double" in "float", möglicher Datenverlust
C:\Users\nilss\Desktop\SemperGL\Projects\Snake\src\Main.cpp(84,55): warning C4244: "Argument": Konvertierung von "double" in "float", möglicher Datenverlust
C:\Users\nilss\Desktop\SemperGL\Projects\Snake\src\Main.cpp(86,55): warning C4244: "Argument": Konvertierung von "double" in "float", möglicher Datenverlust
C:\Users\nilss\Desktop\SemperGL\Projects\Snake\src\Main.cpp(88,55): warning C4244: "Argument": Konvertierung von "double" in "float", möglicher Datenverlust
C:\Users\nilss\Desktop\SemperGL\Projects\Snake\src\Main.cpp(104,22): warning C4018: "<": Konflikt zwischen "signed" und "unsigned"
C:\Users\nilss\Desktop\SemperGL\Projects\Snake\src\Main.cpp(106,23): warning C4018: "<": Konflikt zwischen "signed" und "unsigned"
C:\Users\nilss\Desktop\SemperGL\Projects\Snake\src\Main.cpp(131,46): warning C4267: "Initialisierung": Konvertierung von "size_t" nach "int", Datenverlust möglich
C:\Users\nilss\Desktop\SemperGL\Projects\Snake\src\Main.cpp(152,69): warning C4244: "=": Konvertierung von "unsigned int" in "float", möglicher Datenverlust
C:\Users\nilss\Desktop\SemperGL\Projects\Snake\src\Main.cpp(153,69): warning C4244: "=": Konvertierung von "unsigned int" in "float", möglicher Datenverlust
  Snake.vcxproj -> C:\Users\nilss\Desktop\SemperGL\Projects\Snake\..\..\bin\Distribute-windows-x86_64\Snake\Snake.exe
